execve("./sort", ["./sort"], 0x7ffc45ddcd50 /* 32 vars */) = 0
brk(NULL)                               = 0x5570a88a4000
access("/etc/ld.so.preload", R_OK)      = -1 ENOENT (No such file or directory)
openat(AT_FDCWD, "/etc/ld.so.cache", O_RDONLY|O_CLOEXEC) = 3
fstat(3, {st_mode=S_IFREG|0644, st_size=16648, ...}) = 0
mmap(NULL, 16648, PROT_READ, MAP_PRIVATE, 3, 0) = 0x7f926e217000
close(3)                                = 0
openat(AT_FDCWD, "/lib/x86_64-linux-gnu/libpthread.so.0", O_RDONLY|O_CLOEXEC) = 3
read(3, "\177ELF\2\1\1\0\0\0\0\0\0\0\0\0\3\0>\0\1\0\0\0 l\0\0\0\0\0\0"..., 832) = 832
fstat(3, {st_mode=S_IFREG|0755, st_size=149520, ...}) = 0
mmap(NULL, 8192, PROT_READ|PROT_WRITE, MAP_PRIVATE|MAP_ANONYMOUS, -1, 0) = 0x7f926e215000
mmap(NULL, 136304, PROT_READ, MAP_PRIVATE|MAP_DENYWRITE, 3, 0) = 0x7f926e1f3000
mmap(0x7f926e1f9000, 65536, PROT_READ|PROT_EXEC, MAP_PRIVATE|MAP_FIXED|MAP_DENYWRITE, 3, 0x6000) = 0x7f926e1f9000
mmap(0x7f926e209000, 24576, PROT_READ, MAP_PRIVATE|MAP_FIXED|MAP_DENYWRITE, 3, 0x16000) = 0x7f926e209000
mmap(0x7f926e20f000, 8192, PROT_READ|PROT_WRITE, MAP_PRIVATE|MAP_FIXED|MAP_DENYWRITE, 3, 0x1b000) = 0x7f926e20f000
mmap(0x7f926e211000, 13424, PROT_READ|PROT_WRITE, MAP_PRIVATE|MAP_FIXED|MAP_ANONYMOUS, -1, 0) = 0x7f926e211000
close(3)                                = 0
openat(AT_FDCWD, "/lib/x86_64-linux-gnu/libc.so.6", O_RDONLY|O_CLOEXEC) = 3
read(3, "\177ELF\2\1\1\3\0\0\0\0\0\0\0\0\3\0>\0\1\0\0\0\260>\2\0\0\0\0\0"..., 832) = 832
fstat(3, {st_mode=S_IFREG|0755, st_size=1901536, ...}) = 0
mmap(NULL, 1914496, PROT_READ, MAP_PRIVATE|MAP_DENYWRITE, 3, 0) = 0x7f926e01f000
mmap(0x7f926e041000, 1413120, PROT_READ|PROT_EXEC, MAP_PRIVATE|MAP_FIXED|MAP_DENYWRITE, 3, 0x22000) = 0x7f926e041000
mmap(0x7f926e19a000, 323584, PROT_READ, MAP_PRIVATE|MAP_FIXED|MAP_DENYWRITE, 3, 0x17b000) = 0x7f926e19a000
mmap(0x7f926e1e9000, 24576, PROT_READ|PROT_WRITE, MAP_PRIVATE|MAP_FIXED|MAP_DENYWRITE, 3, 0x1c9000) = 0x7f926e1e9000
mmap(0x7f926e1ef000, 13952, PROT_READ|PROT_WRITE, MAP_PRIVATE|MAP_FIXED|MAP_ANONYMOUS, -1, 0) = 0x7f926e1ef000
close(3)                                = 0
mmap(NULL, 12288, PROT_READ|PROT_WRITE, MAP_PRIVATE|MAP_ANONYMOUS, -1, 0) = 0x7f926e01c000
arch_prctl(ARCH_SET_FS, 0x7f926e01c740) = 0
mprotect(0x7f926e1e9000, 16384, PROT_READ) = 0
mprotect(0x7f926e20f000, 4096, PROT_READ) = 0
mprotect(0x5570a2221000, 4096, PROT_READ) = 0
mprotect(0x7f926e246000, 4096, PROT_READ) = 0
munmap(0x7f926e217000, 16648)           = 0
set_tid_address(0x7f926e01ca10)         = 14882
set_robust_list(0x7f926e01ca20, 24)     = 0
rt_sigaction(SIGRTMIN, {sa_handler=0x7f926e1f9690, sa_mask=[], sa_flags=SA_RESTORER|SA_SIGINFO, sa_restorer=0x7f926e206140}, NULL, 8) = 0
rt_sigaction(SIGRT_1, {sa_handler=0x7f926e1f9730, sa_mask=[], sa_flags=SA_RESTORER|SA_RESTART|SA_SIGINFO, sa_restorer=0x7f926e206140}, NULL, 8) = 0
rt_sigprocmask(SIG_UNBLOCK, [RTMIN RT_1], NULL, 8) = 0
prlimit64(0, RLIMIT_STACK, NULL, {rlim_cur=8192*1024, rlim_max=RLIM64_INFINITY}) = 0
fstat(1, {st_mode=S_IFCHR|0620, st_rdev=makedev(0x88, 0), ...}) = 0
brk(NULL)                               = 0x5570a88a4000
brk(0x5570a88c5000)                     = 0x5570a88c5000
fstat(0, {st_mode=S_IFCHR|0620, st_rdev=makedev(0x88, 0), ...}) = 0
write(1, "\320\222\320\262\320\265\320\264\320\270\321\202\320\265 \320\264\320\273\320\270\320\275\321\203 \320\274\320\260\321\201"..., 72) = 72
read(0, "16\n", 1024)                   = 3
write(1, "\320\222\320\262\320\265\320\264\320\270\321\202\320\265 \320\272\320\276\320\273\320\270\321\207\320\265\321\201\321\202\320"..., 60) = 60
read(0, "4\n", 1024)                    = 2
write(1, "\320\240\320\265\320\266\320\270\320\274 \320\262\320\262\320\276\320\264\320\260: 1 \342\200\224 \320\262\321"..., 69) = 69
read(0, "2\n", 1024)                    = 2
write(1, "\320\241\320\263\320\265\320\275\320\265\321\200\320\270\321\200\320\276\320\262\320\260\320\275\320\275\321\213\320\271 \320"..., 45) = 45
write(1, "402 867 249 118 568 674 188 678 "..., 63) = 63
mmap(NULL, 8392704, PROT_NONE, MAP_PRIVATE|MAP_ANONYMOUS|MAP_STACK, -1, 0) = 0x7f926d81b000
mprotect(0x7f926d81c000, 8388608, PROT_READ|PROT_WRITE) = 0
clone(child_stack=0x7f926e01afb0, flags=CLONE_VM|CLONE_FS|CLONE_FILES|CLONE_SIGHAND|CLONE_THREAD|CLONE_SYSVSEM|CLONE_SETTLS|CLONE_PARENT_SETTID|CLONE_CHILD_CLEARTID, parent_tid=[14957], tls=0x7f926e01b700, child_tidptr=0x7f926e01b9d0) = 14957
mmap(NULL, 8392704, PROT_NONE, MAP_PRIVATE|MAP_ANONYMOUS|MAP_STACK, -1, 0) = 0x7f926d01a000
mprotect(0x7f926d01b000, 8388608, PROT_READ|PROT_WRITE) = 0
clone(child_stack=0x7f926d819fb0, flags=CLONE_VM|CLONE_FS|CLONE_FILES|CLONE_SIGHAND|CLONE_THREAD|CLONE_SYSVSEM|CLONE_SETTLS|CLONE_PARENT_SETTID|CLONE_CHILD_CLEARTID, parent_tid=[14958], tls=0x7f926d81a700, child_tidptr=0x7f926d81a9d0) = 14958
mmap(NULL, 8392704, PROT_NONE, MAP_PRIVATE|MAP_ANONYMOUS|MAP_STACK, -1, 0) = 0x7f926c819000
mprotect(0x7f926c81a000, 8388608, PROT_READ|PROT_WRITE) = 0
clone(child_stack=0x7f926d018fb0, flags=CLONE_VM|CLONE_FS|CLONE_FILES|CLONE_SIGHAND|CLONE_THREAD|CLONE_SYSVSEM|CLONE_SETTLS|CLONE_PARENT_SETTID|CLONE_CHILD_CLEARTID, parent_tid=[14959], tls=0x7f926d019700, child_tidptr=0x7f926d0199d0) = 14959
mmap(NULL, 8392704, PROT_NONE, MAP_PRIVATE|MAP_ANONYMOUS|MAP_STACK, -1, 0) = 0x7f926c018000
mprotect(0x7f926c019000, 8388608, PROT_READ|PROT_WRITE) = 0
clone(child_stack=0x7f926c817fb0, flags=CLONE_VM|CLONE_FS|CLONE_FILES|CLONE_SIGHAND|CLONE_THREAD|CLONE_SYSVSEM|CLONE_SETTLS|CLONE_PARENT_SETTID|CLONE_CHILD_CLEARTID, parent_tid=[14960], tls=0x7f926c818700, child_tidptr=0x7f926c8189d0) = 14960
futex(0x7f926e01b9d0, FUTEX_WAIT, 14957, NULL) = 0
futex(0x7f926d0199d0, FUTEX_WAIT, 14959, NULL) = 0
write(1, "\n", 1)                       = 1
write(1, "\320\236\321\202\321\201\320\276\321\200\321\202\320\270\321\200\320\276\320\262\320\260\320\275\320\275\321\213\320\271 \320"..., 45) = 45
write(1, "78 96 118 188 208 249 402 568 59"..., 63) = 63
write(1, "\n", 1)                       = 1
write(1, "\320\222\321\200\320\265\320\274\321\217 \321\201\320\276\321\200\321\202\320\270\321\200\320\276\320\262\320\272\320\270:"..., 64) = 64
lseek(0, -1, SEEK_CUR)                  = -1 ESPIPE (Illegal seek)
exit_group(0)                           = ?
+++ exited with 0 +++
